1657001941719	geckodriver	INFO	Listening on 127.0.0.1:45035
1657001944889	mozrunner::runner	INFO	Running command: "/home/raz0229/Downloads/firefox/firefox" "--marionette" "--remote-debugging-port" "48903" "-no-remote" "-profile" "/tmp/rust_mozprofile4Ur9g4"

(firefox-aurora:41960): Gtk-WARNING **: 11:19:06.099: Theme parsing error: gtk.css:3089:35: Missing closing bracket for :not()

(firefox-aurora:41960): Gtk-WARNING **: 11:19:06.099: Theme parsing error: gtk.css:3091:35: Missing closing bracket for :not()

(firefox-aurora:41960): Gtk-WARNING **: 11:19:06.099: Theme parsing error: gtk.css:3093:35: Missing closing bracket for :not()

(firefox-aurora:41960): Gtk-WARNING **: 11:19:06.099: Theme parsing error: gtk.css:3095:35: Missing closing bracket for :not()

(firefox-aurora:41960): Gtk-WARNING **: 11:19:06.099: Theme parsing error: gtk.css:3097:35: Missing closing bracket for :not()

(firefox-aurora:41960): Gtk-WARNING **: 11:19:06.099: Theme parsing error: gtk.css:3099:35: Missing closing bracket for :not()

(firefox-aurora:41960): Gtk-WARNING **: 11:19:11.793: Theme parsing error: gtk.css:3089:35: Missing closing bracket for :not()

(firefox-aurora:41960): Gtk-WARNING **: 11:19:11.793: Theme parsing error: gtk.css:3091:35: Missing closing bracket for :not()

(firefox-aurora:41960): Gtk-WARNING **: 11:19:11.793: Theme parsing error: gtk.css:3093:35: Missing closing bracket for :not()

(firefox-aurora:41960): Gtk-WARNING **: 11:19:11.793: Theme parsing error: gtk.css:3095:35: Missing closing bracket for :not()

(firefox-aurora:41960): Gtk-WARNING **: 11:19:11.793: Theme parsing error: gtk.css:3097:35: Missing closing bracket for :not()

(firefox-aurora:41960): Gtk-WARNING **: 11:19:11.793: Theme parsing error: gtk.css:3099:35: Missing closing bracket for :not()

(firefox-aurora:41960): Gtk-WARNING **: 11:19:12.067: Theme parsing error: gtk.css:3089:35: Missing closing bracket for :not()

(firefox-aurora:41960): Gtk-WARNING **: 11:19:12.067: Theme parsing error: gtk.css:3091:35: Missing closing bracket for :not()

(firefox-aurora:41960): Gtk-WARNING **: 11:19:12.068: Theme parsing error: gtk.css:3093:35: Missing closing bracket for :not()

(firefox-aurora:41960): Gtk-WARNING **: 11:19:12.068: Theme parsing error: gtk.css:3095:35: Missing closing bracket for :not()

(firefox-aurora:41960): Gtk-WARNING **: 11:19:12.068: Theme parsing error: gtk.css:3097:35: Missing closing bracket for :not()

(firefox-aurora:41960): Gtk-WARNING **: 11:19:12.068: Theme parsing error: gtk.css:3099:35: Missing closing bracket for :not()

(firefox-aurora:41960): Gtk-WARNING **: 11:19:12.139: Theme parsing error: gtk.css:3089:35: Missing closing bracket for :not()

(firefox-aurora:41960): Gtk-WARNING **: 11:19:12.139: Theme parsing error: gtk.css:3091:35: Missing closing bracket for :not()

(firefox-aurora:41960): Gtk-WARNING **: 11:19:12.139: Theme parsing error: gtk.css:3093:35: Missing closing bracket for :not()

(firefox-aurora:41960): Gtk-WARNING **: 11:19:12.140: Theme parsing error: gtk.css:3095:35: Missing closing bracket for :not()

(firefox-aurora:41960): Gtk-WARNING **: 11:19:12.140: Theme parsing error: gtk.css:3097:35: Missing closing bracket for :not()

(firefox-aurora:41960): Gtk-WARNING **: 11:19:12.140: Theme parsing error: gtk.css:3099:35: Missing closing bracket for :not()
[GFX1-]: glxtest: VA-API test failed: failed to initialise VAAPI connection.
ATTENTION: default value of option mesa_glthread overridden by environment.
1657001952732	Marionette	INFO	Marionette enabled
1657001952783	Marionette	INFO	Listening on port 37171
WebDriver BiDi listening on ws://localhost:48903
1657001954164	RemoteAgent	WARN	TLS certificate errors will be ignored for this session
JavaScript warning: moz-extension://41ba11f5-5ceb-48f3-accf-4febdfb45479/lib/filter/antibanner.js, line 1163: unreachable code after return statement
DevTools listening on ws://localhost:48903/devtools/browser/1f5a83d4-673f-4438-bca1-7caada6f018a
[2022-07-05T06:19:32Z ERROR mp4parse] Found 2 nul bytes in "\0\0"
[2022-07-05T06:19:32Z ERROR mp4parse] Found 2 nul bytes in "\0\0"
[2022-07-05T06:19:32Z ERROR mp4parse] Found 2 nul bytes in "\0\0"
[2022-07-05T06:19:32Z ERROR mp4parse] Found 2 nul bytes in "\0\0"
JavaScript error: resource:///actors/DOMFullscreenChild.jsm, line 73: InvalidStateError: JSWindowActorChild.sendAsyncMessage: JSWindowActorChild cannot send at the moment
[2022-07-05T06:19:45Z ERROR mp4parse] Found 2 nul bytes in "\0\0"
[2022-07-05T06:19:45Z ERROR mp4parse] Found 2 nul bytes in "\0\0"
[2022-07-05T06:19:45Z ERROR mp4parse] Found 2 nul bytes in "\0\0"
[2022-07-05T06:19:45Z ERROR mp4parse] Found 2 nul bytes in "\0\0"
[2022-07-05T06:19:59Z ERROR mp4parse] Found 2 nul bytes in "\0\0"
[2022-07-05T06:19:59Z ERROR mp4parse] Found 2 nul bytes in "\0\0"
[2022-07-05T06:19:59Z ERROR mp4parse] Found 2 nul bytes in "\0\0"
[2022-07-05T06:19:59Z ERROR mp4parse] Found 2 nul bytes in "\0\0"
JavaScript error: resource:///actors/DOMFullscreenParent.jsm, line 202: Error: TelemetryStopwatch: key "FULLSCREEN_CHANGE_MS" was already initialized
JavaScript error: resource:///actors/DOMFullscreenParent.jsm, line 172: Error: TelemetryStopwatch: finishing nonexisting stopwatch. Histogram: "FULLSCREEN_CHANGE_MS", key: ""
JavaScript error: resource://gre/modules/ConduitsChild.jsm, line 112: Error: sendRemoveListener on closed conduit adblockultimate@adblockultimate.net.137438953486
1657002011033	Marionette	INFO	Stopped listening on port 37171
console.warn: TopSitesFeed: Failed to fetch data from Contile server: NetworkError when attempting to fetch resource.
[Parent 41960, Main Thread] WARNING: ContentParent: id=7f05024b0600 - BlockShutdown: CanSend.: file /builds/worker/checkouts/gecko/dom/ipc/ContentParent.cpp:3586
[Parent 41960, Main Thread] WARNING: ContentParent: id=7f05024b0600 - ShutDownProcess: Sent shutdown message.: file /builds/worker/checkouts/gecko/dom/ipc/ContentParent.cpp:1790
[Parent 41960, Main Thread] WARNING: ContentParent: id=7f05016f0800 - BlockShutdown: CanSend.: file /builds/worker/checkouts/gecko/dom/ipc/ContentParent.cpp:3586
[Parent 41960, Main Thread] WARNING: ContentParent: id=7f05016f0800 - ShutDownProcess: Shutdown already pending.: file /builds/worker/checkouts/gecko/dom/ipc/ContentParent.cpp:1806
[Parent 41960, Main Thread] WARNING: ContentParent: id=7f04fc02bd00 - BlockShutdown: CanSend.: file /builds/worker/checkouts/gecko/dom/ipc/ContentParent.cpp:3586
[Parent 41960, Main Thread] WARNING: ContentParent: id=7f04fc02bd00 - ShutDownProcess: Sent shutdown message.: file /builds/worker/checkouts/gecko/dom/ipc/ContentParent.cpp:1790
[Parent 41960, Main Thread] WARNING: ContentParent: id=7f05016f0800 - ShutDownProcess: Closing channel.: file /builds/worker/checkouts/gecko/dom/ipc/ContentParent.cpp:1825
[Parent 41960, Main Thread] WARNING: ContentParent: id=7f05016f0800 - RemoveShutdownBlockers: file /builds/worker/checkouts/gecko/dom/ipc/ContentParent.cpp:3688
[Parent 41960, Main Thread] WARNING: ContentParent: id=7f05024b0600 - ShutDownProcess: Closing channel.: file /builds/worker/checkouts/gecko/dom/ipc/ContentParent.cpp:1825
[Parent 41960, Main Thread] WARNING: ContentParent: id=7f05024b0600 - RemoveShutdownBlockers: file /builds/worker/checkouts/gecko/dom/ipc/ContentParent.cpp:3688
[Parent 41960, Main Thread] WARNING: ContentParent: id=7f04fc02bd00 - ShutDownProcess: Closing channel.: file /builds/worker/checkouts/gecko/dom/ipc/ContentParent.cpp:1825
[Parent 41960, Main Thread] WARNING: ContentParent: id=7f04fc02bd00 - RemoveShutdownBlockers: file /builds/worker/checkouts/gecko/dom/ipc/ContentParent.cpp:3688
1657002014428	geckodriver::marionette	ERROR	Failed to close browser connection: Socket not connected (os error 107)
